454 1196
7234391442 -82.5191016 40.0680652
5999570838 -82.5174297 40.07582
198409938 -82.5203367 40.0702502
7933475790 -82.5229743 40.0675293
198548549 -82.5165258 40.0701142
6757578055 -82.5240135 40.0738307
8133093053 -82.5234667 40.0681891
8317358606 -82.5213949 40.0752805
3894635429 -82.5267501 40.0716189
7234367438 -82.5284411 40.068428
8133088563 -82.5234754 40.0680986
3894630236 -82.5253717 40.0714017
198269609 -82.5189941 40.0742233
5999570839 -82.5165461 40.0755907
3894635949 -82.5253068 40.0725503
11331352908 -82.5115169 40.0779361
3894626038 -82.5236941 40.071846
198373734 -82.523438 40.0693668
7234367411 -82.5252627 40.0681584
7234391439 -82.518534 40.0678671
11329562521 -82.5100894 40.0792039
3894630219 -82.5251861 40.0710971
3894630221 -82.5255374 40.0713698
7234367454 -82.5264541 40.0680704
198551738 -82.5251789 40.0728973
11329468176 -82.5185634 40.0683205
198269740 -82.5199802 40.0739238
198262337 -82.5277213 40.0732741
11329447555 -82.5187205 40.068484
198356009 -82.521212 40.077365
9365635969 -82.53058 40.0781895
11329447568 -82.5186237 40.0683991
8040850747 -82.5228742 40.0731528
6829774069 -82.5161631 40.0681855
8654444845 -82.5156266 40.0713296
9365640221 -82.5188174 40.0712654
11983510770 -82.5181643 40.0680256
3894654171 -82.5246791 40.0690957
4256589565 -82.5234472 40.0690765
11329447556 -82.5187242 40.0684513
8137726009 -82.5249072 40.0733812
11329468215 -82.5194146 40.0687788
8137815404 -82.5191457 40.0681057
8137815384 -82.5211432 40.0713229
9365619863 -82.519143 40.0741823
6956911693 -82.5191006 40.0719892
8317381123 -82.5217729 40.075888
9714437204 -82.5276174 40.0742146
8314099101 -82.525472 40.0759101
3894644544 -82.5251867 40.0716041
198469297 -82.5284915 40.06653
198366299 -82.522673 40.070789
7234367536 -82.5235282 40.0682971
7234367539 -82.5223973 40.0691348
9365636000 -82.5223883 40.0775734
198655353 -82.524034 40.0738962
9047700615 -82.5281039 40.0722354
7655406259 -82.5191052 40.0763395
3894630215 -82.5236492 40.0709586
5506729666 -82.5236145 40.0674122
7933485248 -82.5209072 40.0774417
5546400188 -82.5187831 40.0708527
11329468222 -82.5192006 40.0686948
357506132 -82.523215 40.0711747
3894645102 -82.5252592 40.0706723
198519708 -82.5252096 40.068245
198348032 -82.5264765 40.0729818
4256589577 -82.5241599 40.0703638
198512576 -82.5183289 40.0690831
7933475788 -82.5229745 40.0679637
7991949374 -82.5188764 40.074066
198554357 -82.5204209 40.065081
3894641831 -82.5254305 40.0708495
7019373489 -82.5183869 40.0683705
3894644530 -82.527877 40.0719186
3894630232 -82.5253753 40.0715331
9047436998 -82.5208161 40.067389
7234367504 -82.5219748 40.0681048
7234367521 -82.5202924 40.067963
198348038 -82.5251461 40.0725467
3894654170 -82.5218952 40.0682008
450619658 -82.516944 40.086262
2305177560 -82.5271802 40.0696933
8137726008 -82.5250376 40.0734882
7128709826 -82.5187013 40.0681202
5546400187 -82.5188351 40.0708161
198356023 -82.519176 40.07735
3894630223 -82.5254108 40.0715563
9365640184 -82.5178764 40.0725151
8133097179 -82.5164911 40.0680863
11329265987 -82.517704 40.0680619
8133088564 -82.52273 40.0681475
11331369997 -82.5145343 40.0781114
8133088565 -82.5235455 40.0681024
7234367414 -82.5251093 40.0683507
7234374850 -82.5229743 40.0682644
6847572629 -82.5193734 40.0767819
198356010 -82.521037 40.077409
198636852 -82.525078 40.0723565
198558160 -82.5195817 40.0679243
5803664456 -82.5195634 40.0680838
9365636014 -82.518197 40.074455
11329468214 -82.5195429 40.0687859
3894641830 -82.5255849 40.070897
198409953 -82.5198348 40.070953
6956911688 -82.5184619 40.0727411
4256592590 -82.5251358 40.0710919
7234296667 -82.5235576 40.0679964
11329265998 -82.5186234 40.0685183
3894630224 -82.5255741 40.0713884
198625971 -82.5270061 40.0699462
8317381122 -82.5217986 40.0757694
9365640269 -82.5190239 40.071985
3894633054 -82.5244136 40.0714656
11331370037 -82.5207426 40.0846773
11983515969 -82.5180451 40.0679956
198532393 -82.5146392 40.0700009
7019373494 -82.5179158 40.0679916
5803662949 -82.523663 40.0708302
3894630238 -82.5254484 40.0713635
11329468184 -82.5199676 40.0685887
11329468177 -82.5186435 40.0683288
5506729667 -82.5257876 40.0688049
8137726013 -82.5194292 40.0708791
11329447557 -82.5185047 40.0684372
5546400206 -82.517816 40.0715091
198512587 -82.5177686 40.0701888
198551754 -82.5181205 40.0745154
198588890 -82.5199034 40.0756564
7128709824 -82.5188475 40.068197
8137815399 -82.5193704 40.0682979
8307344136 -82.5246621 40.07019
3894637553 -82.52413 40.0705943
198519719 -82.5250621 40.0696474
198594372 -82.5283108 40.0707605
8006712610 -82.5166827 40.0713379
6847572630 -82.5192454 40.0767478
7234374853 -82.5185457 40.0677119
6829774080 -82.516515 40.0681838
11983510771 -82.5177177 40.0680401
11329562489 -82.5199494 40.078205
11329562490 -82.5193609 40.0779764
8133088560 -82.5219857 40.0680166
3894630225 -82.5256014 40.0714151
7234391441 -82.5183388 40.0678565
3894641829 -82.525589 40.0708594
3894644642 -82.5248424 40.0731491
5506729662 -82.5241328 40.0681347
11329562483 -82.5120066 40.0768813
5803662947 -82.5219216 40.0679047
5546400184 -82.5186394 40.070704
10313376800 -82.5227364 40.0735896
6829774058 -82.5165954 40.0693947
8137815379 -82.5214416 40.0723066
8137815342 -82.5171991 40.0719265
9365640207 -82.5188051 40.071204
11329265994 -82.5187556 40.068567
8137727122 -82.5183612 40.0705758
5506729668 -82.5258562 40.0682872
4256589586 -82.5252325 40.0708239
3894635954 -82.5259141 40.0728515
6966852344 -82.5188603 40.0681431
198551749 -82.5214127 40.0739756
198655341 -82.5249175 40.0732824
198519718 -82.5250702 40.0694434
9365640254 -82.5190031 40.0718838
7234367518 -82.5202776 40.0681153
7234391440 -82.5183477 40.0677008
4256589585 -82.5249068 40.0708027
198417650 -82.521391 40.078327
11329562491 -82.5195142 40.077573
7991949373 -82.5197314 40.0737968
198417647 -82.521259 40.078344
7234367415 -82.5251415 40.0681902
11329562484 -82.5211741 40.0800893
3894633165 -82.5236573 40.0714081
198569952 -82.540028 40.069233
6956911707 -82.520067 40.0733999
7926895266 -82.5227986 40.0746854
198279134 -82.5402071 40.0862294
198409946 -82.5195926 40.070574
3894630229 -82.5255768 40.0715412
6837423859 -82.517161 40.0745256
3894641828 -82.5258975 40.0709165
11329562520 -82.5112857 40.0781412
3531016709 -82.5189524 40.0708833
198588884 -82.5176154 40.0742012
198348039 -82.527991 40.073945
198269617 -82.5196673 40.0745782
7234367509 -82.5219971 40.0679089
9365640251 -82.5195351 40.071827
6829774077 -82.5163648 40.0679859
8137815354 -82.5168887 40.0720665
3894645113 -82.5252358 40.0725563
8133088575 -82.5257439 40.0668759
9365640193 -82.5189686 40.0717801
9365640192 -82.5184028 40.072338
7933485239 -82.5212588 40.0774859
3894635412 -82.5236706 40.0702566
7933475787 -82.5229695 40.0680707
6829774076 -82.5163923 40.0677502
5546400172 -82.5238695 40.0709774
8307344137 -82.5246447 40.0701616
7234367430 -82.5258426 40.0683649
7234367403 -82.5258047 40.0681282
8137815363 -82.5176563 40.0727313
5546400189 -82.5184252 40.0708758
8317381121 -82.5218299 40.0754071
8654444838 -82.5161595 40.0713249
3894637552 -82.5241916 40.0700278
198551736 -82.5166468 40.0690248
198378313 -82.520779 40.077171
8133088566 -82.5243557 40.0682394
11329728150 -82.521444 40.0775238
198620125 -82.521755 40.0697239
7234367449 -82.5284093 40.0664866
11329265976 -82.5181871 40.0686374
11983511469 -82.5188465 40.0680008
11329562488 -82.5197672 40.078716
11329468178 -82.5184144 40.0690493
10313376793 -82.5220502 40.0738113
11329728167 -82.5140875 40.077001
6956908777 -82.5197422 40.0739912
7234367519 -82.5200239 40.0681033
198582604 -82.5239189 40.0654191
8341654023 -82.5209249 40.0767813
7019363084 -82.5176214 40.067973
8341488157 -82.5278372 40.067972
6847572636 -82.5201639 40.0769812
7234367436 -82.5284039 40.0684934
7234367508 -82.5218276 40.0678993
11329562485 -82.5206732 40.0799309
12075173712 -82.518332 40.069045
198592631 -82.5201167 40.0685988
8137815362 -82.5178898 40.0726173
198625969 -82.5281541 40.0696495
11329468183 -82.5200122 40.0681028
7234391444 -82.51912 40.0678991
8317381120 -82.5216617 40.0753556
3894654165 -82.5250966 40.069188
3894630216 -82.524081 40.0709955
7933485241 -82.5210907 40.0775579
8006712603 -82.5160373 40.0717963
9365640169 -82.5184106 40.0724991
10313376797 -82.5225482 40.0734806
198558162 -82.5201688 40.0679563
198512572 -82.5184361 40.0678624
8040850748 -82.5220225 40.0731032
198590598 -82.5249556 40.0733301
7019363083 -82.5176394 40.0678184
10313376798 -82.5225079 40.073491
8137815397 -82.5193779 40.0682169
7234374852 -82.5183313 40.0680318
6405230053 -82.5186168 40.0686781
8040850750 -82.5218589 40.0722295
5546400173 -82.52326 40.0705427
5999570837 -82.515887 40.0771086
7019373488 -82.5171766 40.0684523
3894630231 -82.5254983 40.0715701
5803664457 -82.5184143 40.0680375
198620124 -82.521792 40.0692832
5506729663 -82.524135 40.0680368
198373726 -82.5235367 40.0681931
7019373495 -82.5179397 40.0678347
7234367520 -82.5200403 40.0679493
3894645111 -82.525168 40.0723572
198517884 -82.5212709 40.0775147
11983516769 -82.5174283 40.0679453
11983510769 -82.5193821 40.0680649
10313376794 -82.5230231 40.0737363
198569938 -82.5219034 40.0681008
11331370036 -82.5180727 40.0865173
9365640206 -82.5183614 40.0717159
3894630214 -82.5233515 40.0709278
5546400175 -82.5232886 40.070924
7234296670 -82.5252414 40.0673315
8137815346 -82.5176366 40.0726179
3894654168 -82.5247368 40.0683688
11331352914 -82.5103564 40.0798428
9365635994 -82.5214406 40.07746
11329728149 -82.521527 40.0781164
8137815348 -82.517203 40.0725146
4256589581 -82.5236912 40.0705683
6016071883 -82.5181112 40.0680378
12075173704 -82.5132862 40.0688278
198655374 -82.5231298 40.0742561
6829774033 -82.5133632 40.0716205
10313376799 -82.5222391 40.0733287
6956911686 -82.521722 40.0732031
8137815381 -82.5213074 40.0716129
5546400176 -82.5233159 40.0705826
7037812803 -82.5207228 40.0681256
4256592592 -82.5244454 40.0712963
11329265996 -82.5185015 40.0684698
7128709825 -82.51878 40.0681072
8137815388 -82.5202992 40.0713812
3894644517 -82.5278114 40.071911
7234367544 -82.522032 40.0689433
7234367412 -82.5252166 40.0681555
198409954 -82.5198886 40.0712224
11329562487 -82.5202949 40.0787232
11329468223 -82.5191927 40.0687667
7128709827 -82.5174337 40.0680189
7234367543 -82.5224135 40.0689653
198559686 -82.5221399 40.0657301
5546400179 -82.5207851 40.0708527
6966852345 -82.5191948 40.068128
3894638310 -82.5201629 40.0691887
6956911706 -82.5199743 40.0731728
3894641827 -82.5259244 40.0708919
8137726002 -82.5214106 40.0745878
198588882 -82.5166043 40.0735634
8137815395 -82.5193866 40.0681231
8133088559 -82.5227379 40.068058
11331379378 -82.5210043 40.0818944
198521222 -82.5255685 40.0703793
7126311501 -82.519261 40.0681335
8137815385 -82.5205607 40.0712308
198509470 -82.5218169 40.0733039
7926895263 -82.5226038 40.0743615
198530899 -82.5269852 40.0714076
3894630228 -82.5256032 40.0715138
198378321 -82.520413 40.077093
11329562517 -82.5119581 40.0782163
198366297 -82.522614 40.070549
7128709830 -82.5189489 40.0681227
5803664455 -82.5201591 40.068109
6829774065 -82.5161704 40.0677381
7234296665 -82.5219666 40.068205
12075173711 -82.516653 40.0689585
7234296669 -82.5251484 40.0681512
7234367431 -82.5273969 40.0684524
7234367424 -82.5306929 40.0685882
8137815366 -82.5173147 40.0727447
7037812809 -82.5218101 40.0680955
9365640220 -82.5189324 40.0717867
368154755 -82.5207149 40.0728414
7234367528 -82.523593 40.0669797
198569946 -82.5274031 40.0683866
198521214 -82.5241669 40.07031
198569937 -82.5207229 40.0679912
8137821018 -82.519121 40.0683156
198521204 -82.522638 40.0704947
7234374851 -82.5185207 40.0680418
198398651 -82.529152 40.0684556
9365640185 -82.5187801 40.0723894
3894647917 -82.5237113 40.0698899
8133088561 -82.5219112 40.0680125
3894630230 -82.5255405 40.0715606
3894630213 -82.5230779 40.0709114
11329562482 -82.5158887 40.0771047
9365640183 -82.5177889 40.0725076
5546400204 -82.5183334 40.0710752
198356080 -82.51908 40.076957
11983514069 -82.5187223 40.0680259
7234367507 -82.5218155 40.0680073
3894630218 -82.5244995 40.0710427
11329447565 -82.518682 40.068348
198551729 -82.5117403 40.0686672
198356014 -82.520691 40.077492
198398653 -82.529122 40.068805
198588860 -82.516046 40.0716983
8137727124 -82.519271 40.0707732
11329762269 -82.5179197 40.0754107
7200521424 -82.5281467 40.0702373
5803662948 -82.5244152 40.07074
8133088578 -82.5258253 40.0668211
8257601711 -82.5273717 40.0700439
3894645105 -82.5251358 40.0713537
198366303 -82.5229838 40.0715276
198532396 -82.5142577 40.0745337
1826669185 -82.5374823 40.1155698
3894636162 -82.5258093 40.0738687
198551737 -82.5200545 40.0691824
3894630226 -82.5256163 40.0714472
8137727125 -82.5191633 40.0707018
198569947 -82.528373 40.068426
198378319 -82.520548 40.077089
5546400174 -82.5236029 40.0707873
4256589587 -82.5247024 40.0709231
7200521410 -82.5284419 40.070539
450619137 -82.516674 40.086289
6956911704 -82.520176 40.0733079
7234391443 -82.5191371 40.0677447
3894654175 -82.5235967 40.0683011
4256592594 -82.5236837 40.07157
8341488154 -82.5283737 40.0680049
5803662952 -82.5200563 40.0677985
11329562486 -82.5207573 40.0792163
5546400178 -82.5233124 40.070626
7128709828 -82.5186007 40.0680997
450619139 -82.51131 40.085926
8257601704 -82.5271667 40.0703851
4937605766 -82.5251505 40.0680938
7234296666 -82.5217979 40.0681946
3894630227 -82.5256169 40.0714813
11331370025 -82.5186148 40.0772497
7234367419 -82.5251976 40.068344
4937605773 -82.5168438 40.0679235
11329447559 -82.5186176 40.068463
198553554 -82.5303785 40.0725944
198269593 -82.5183342 40.071818
4256589584 -82.5245581 40.0707801
7037812807 -82.5201013 40.0687432
3894654167 -82.5246737 40.0691599
8133088567 -82.5243631 40.0681474
198356020 -82.520185 40.077524
11331352913 -82.5099431 40.0798253
7934217532 -82.5264378 40.0725185
8307344135 -82.5246261 40.0701311
3894630237 -82.5254057 40.0713776
4249163574 -82.518365 40.2543327
8341641108 -82.521415 40.0742846
4256592589 -82.5248746 40.0710705
7126311502 -82.5190756 40.0681261
6956911710 -82.5198664 40.0732838
5546400170 -82.524088 40.0709386
9365636013 -82.5181402 40.0744109
11329265971 -82.5181337 40.0681329
3894630220 -82.5254953 40.0713611
8341641109 -82.5212562 40.0742845
11329468174 -82.5185215 40.0683375
9365640240 -82.5190653 40.0720357
7234367537 -82.5234568 40.0682928
5546400205 -82.5181074 40.0716348
198356017 -82.520421 40.077535
6956911696 -82.5195077 40.0719526
7934217537 -82.5271591 40.0721849
6829774070 -82.5161619 40.0682023
3894630233 -82.525352 40.0715025
9365640282 -82.5183988 40.071729
10313376778 -82.5248674 40.0731339
8137815355 -82.5177616 40.0725719
8040850749 -82.5231757 40.0722917
3894644542 -82.5267639 40.0718463
11983514071 -82.5179934 40.0680598
7234374846 -82.5233845 40.0682885
198356025 -82.518954 40.077307
198530918 -82.528203 40.0713108
450619664 -82.520569 40.086523
8137815361 -82.5170824 40.0723252
7035916877 -82.5265121 40.0744461
7234367533 -82.5234854 40.0679924
7234367538 -82.5223821 40.069313
11329265990 -82.5185296 40.0685527
198553604 -82.528066 40.075154
8133088568 -82.5251227 40.0682827
7234367432 -82.5291443 40.0685323
11331370033 -82.5117696 40.079986
3894630222 -82.5254546 40.071569
153977539 -82.5196037 40.0681192
9800440124 -82.5190099 40.0681522
198562330 -82.5252432 40.067008
6829774059 -82.5169656 40.0694209
198558162 7234367521 10.544161045847199  West Broadway
7234296665 7234367504 11.165016295660045 
7234367533 7933475788 43.59226991743559 
450619137 450619139 458.1125097233901 
198356014 198356017 23.502258254823147 
6956911696 8137815379 174.14494256057546 
7934217537 9047700615 80.94334363727893 
3894630238 3894630237 3.957238106742247  Herrick Hall
5546400187 5546400188 6.011777880786801 
6829774070 6829774069 5.681603069635969  Granville Inn
3894630215 3894630214 25.56229713962723 
6829774058 6829774059 31.636124854437334 
6829774080 6829774077 34.86420666051917 
8133088561 198569938 9.840935277657723  South Mulberry Street
198625971 8257601704 50.684593107215655  Thresher Street
7037812807 198592631 16.10995785815989  North Main Street
10313376798 10313376797 3.6188205719159545 
8133088575 7234367454 228.7120687353183 
198356014 198378313 46.90373047038931 
7234296665 3894654170 6.09372214717474 
11329562491 5999570837 312.90643438608464  Denison University
7234374846 7234367537 6.170929107020416 
5546400206 5546400205 28.463674902795848 
198356020 198356017 20.16518874665729 
2305177560 198625971 31.784904242812388  Thresher Street
8137815388 8137815385 28.204432166135255 
11329447557 11329265996 3.6353162433687496 
8137727124 8137727125 12.125158159843382 
11329468184 5803664456 90.94922365100489  Linden Place
3894630231 3894630222 3.720489097345632  Herrick Hall
11329468215 11329468223 18.930348914269867 
11329562521 11331352913 177.3783070736968 
198262337 198348039 79.68309859665678  Sunset Hill Road
11331370037 450619664 205.76346735539582 
198592631 5803664455 54.58273162880294  North Main Street
198269593 9365640184 87.51920555756195  East Loop
9365640192 9365640185 33.10797081323403 
3894635412 3894647917 41.1459870512539 
7234367520 198558160 39.12371197985787  East Broadway
9047436998 198569937 67.60868591725317 
9365640221 198409954 97.5673005303755  East Loop
198512572 7234391439 8.34724127983883  East Broadway
7019363083 12075173711 207.14759950107208  ['North Pearl Street', 'East Broadway']
198417650 198517884 91.0150496355524  North Street
198279134 198530918 2288.744495853345  Burg Street
11331352908 11329562520 30.11766822316186 
7234296667 5506729666 65.14037101862417  Cherry Street
11331352908 11329562520 150.28284606584782 
3894630224 3894630221 3.745631888863761 
3894654171 3894654168 80.97669906717506 
7234296667 7234367533 6.159973384648736 
7234367430 5506729668 8.717022064441853 
3894630231 3894630230 3.742996913983358 
7234367543 7234367544 32.55551380169378 
198366297 198521204 6.373915519222285  West Loop Road
198417650 198417647 11.534888861962905 
8137727124 8137726013 17.885107315487218 
8317381120 8317381122 54.82447168284484 
3894637553 4256589577 25.75643802896994 
198373726 8133088565 10.113156450347311  Cherry Street
11331352913 11329562521 177.37830707369682 
12075173704 12075173711 286.89899174802025 
3894630215 3894633165 50.26528696599087 
198519719 3894637552 96.30662547858142 
8341641109 8341641108 13.511921268777582 
7234367438 7234367436 7.931259280734456 
198655353 8137726009 94.53442412999608  North Loop Road
198366303 198366299 86.41471503783846  President's Drive
198409953 5546400179 83.01140475333537 
198588884 198588882 111.49569276544526  North Pearl Street
3894635954 3894636162 132.6902579685143  Ebaugh Drive
5546400204 5546400188 53.915506140009896 
7234367415 7234296669 4.376176990177347 
5803664455 7234367519 11.522337377987972 
3894630232 3894630233 3.9380542780721393  Herrick Hall
7200521424 7200521410 42.06622115829455 
7234367419 198519708 11.055572862955856  North Plum Street
9365640282 9365640220 47.96730325161149 
8137815355 8137815361 67.43228532456297 
198356017 198356014 23.502258254823147 
198356080 6847572630 27.82604124183475 
11329728167 11329562483 177.55154911495816 
6829774070 6829774077 52.87881326985908 
7019363083 7019363084 17.25886430367953 
3894630233 3894630232 3.9380542780721393 
3894630237 3894630238 3.957238106742247  Herrick Hall
3894630220 3894630221 3.7106655819395558  Herrick Hall
198356020 198356023 88.08573194306297 
7019363084 7019373488 85.56426636305983 
3894641827 3894641831 108.09293682160042  Seeley G Mudd Learning Center
3894635412 198521204 100.21133506764345  West Loop Road
7234391441 198512572 8.30575851570168  East Broadway
4256592594 3894633165 21.50492071628994  Reese-Shackelford Commons
7655406259 198588890 106.19151150509609 
198551754 198588884 55.386937841861645  North Pearl Street
9365636000 9365635969 702.9765128275188 
7234296670 4937605766 85.14607408390579 
8654444838 8654444845 47.602856572594604 
198409946 5546400179 115.50623735835967 
6956911707 6956911704 14.172742291948534 
12075173712 198512576 4.244737375904831  North Prospect Street
11331370033 450619139 661.6551766325482 
8317358606 8317381123 86.12798395657768  Ebaugh Drive
198588884 6837423859 54.775472365529204  Cedar Lane
7234391441 7234391440 17.329631629028835 
4256589585 4256589586 27.81453017821077 
4256589584 4256589587 20.089962444901083 
8137815384 8137815381 35.55586487245182 
11329468184 198592631 12.737235078086899  Linden Place
3894635412 198521214 42.64686575613177  West Loop Road
2305177560 7234367431 140.18809805884126  Thresher Street
7933475790 7933475788 48.55357861599459 
9365635994 9365636000 82.59163005557058 
12075173711 12075173712 143.19674819268937 
5546400172 5803662949 24.013854612145824 
8341654023 198588890 152.76334227915817  North Pearl Street
11331352914 11331370033 130.21109257387647 
11331379378 11331370037 310.2447273996251 
198594372 7200521410 61.00670414875962  Sheppard Place
8137815384 8137815385 50.612664023980386 
6829774077 6829774076 26.312947675109072 
6956911693 9365640254 15.103123411328417 
8137726013 8137727124 17.885107315487218 
5803662949 4256589581 29.22068636975693 
198620124 3894638310 139.0242261121606  West College Street
11329562486 11329562485 79.78152173583236 
198590598 198655341 6.216292787381205 
198519718 198625971 177.3366895516586  West College Street
198521222 4256589577 122.6703004502215 
5803664457 7019373489 37.10129967260674  North Prospect Street
7200521424 7200521424 82.59538768040062 
11329762269 5999570838 61.72186861359014 
198378319 8341654023 48.83741896187236 
8133088560 7234367504 9.851170003079346 
8137726008 3894645113 107.50885817162677 
5546400206 5546400204 69.17965405259834 
198551736 198512576 143.28363062354424  East College Street
3894630214 5546400174 26.48957507999824 
5546400187 3531016709 12.468417077665219  Chapel Drive
7234367431 7234367436 86.09442269882359 
198348039 198262337 79.68309859665678  Sunset Hill Road
198582604 5506729666 223.78741235408634  Cherry Street
5546400175 3894630213 17.983511149361732 
7234367432 198398653 30.38288463465824 
4256592592 3894630218 29.26314477797212 
10313376799 10313376798 29.134419244809088 
10313376800 10313376793 63.40136937079501  Washington Drive
198409946 198409938 82.07287323946122  Chapel Drive
4256589587 4256589585 21.948680517705498 
7234367537 7234367536 6.094576239867347 
3894630237 3894630238 3.957238106742247 
3894630222 3894630223 3.985559030167965  Herrick Hall
7234367508 7234367521 146.54876791510767 
9365640207 9365640221 6.907135132516893 
11331352914 11331352913 35.21765521058638 
5546400184 5546400187 20.80100027575197  Chapel Drive
6829774058 198548549 80.22377447117985  North Pearl Street
8317381120 8317358606 24.509244540559074 
3894630229 3894630228 3.7853652742173685 
5546400178 3894630213 39.60864864947032 
7234367508 5803662947 8.02149259453103 
9365640251 9365640254 46.45472980124347 
11329562488 11329562487 44.90495914416415 
198509470 6956911686 13.876556289978868 
3894645102 4256589586 17.009589388829237 
5546400204 5546400205 71.02865855309213 
5999570837 11329562491 312.90643438608464  Denison University
5506729666 5506729663 108.25201526753392 
7234296666 3894654170 8.30841899882838 
7234367414 7234367419 7.550736894830932 
8137815362 8137815363 23.567810146442806 
3894641827 3894641828 3.566762732976779  Seeley G Mudd Learning Center
198269740 6956908777 21.593272752392632  Washington Drive
5546400176 5546400178 4.835047796520487 
9365640206 9365640282 3.499928323241601 
198378321 198378319 11.742028466840821 
5506729663 7234296667 49.33961413461746 
7933475787 8133088559 19.758626198599206  West Broadway
198373726 8133088566 69.88288247872492  West Broadway
198521204 3894635412 100.21133506764345  West Loop Road
7234367520 198558162 10.962445810197277  East Broadway
3894654175 7234367536 5.845960082396475 
4256589585 4256592589 29.903833066209724 
5999570838 11329762269 61.72186861359014  Denison University
7234296669 7234367412 5.823162362862148 
7234367449 7234367438 228.4579989041008 
8341641108 8137726002 33.71642802035702  Ebaugh Drive
4256592590 3894630219 4.318988480549309 
8257601704 8257601711 47.554994339226916 
9365640240 9365640269 6.647718952774981 
11329265990 11329265994 19.297046045338877 
3894654168 3894654171 80.97669906717506 
3894644517 3894644530 186.59809999476607  Smith Hall
11329562517 11331352908 48.78416442676721 
4256589577 198521214 6.011876247784634 
198373734 4256589565 32.289424563094606 
4256589587 3894630218 21.79325369393849 
8137821018 8137815399 49.44646404698935 
8314099101 198553604 277.12686565379926 
6829774059 6829774058 31.636124854437334 
7234296667 5506729663 49.33961413461746 
9365636014 198551754 9.35289284222278  Washington Drive
7933485248 7933485241 23.11992341750971 
8137727124 3531016709 30.736076867596616  Chapel Drive
8137815404 8137815395 20.590571719494932 
198521214 8307344137 45.45362648413191  West Loop Road
3894626038 198366303 73.26963688787457  Ridge Road
11329762269 11329728167 502.123258793954 
3894630223 3894630222 3.985559030167965  Herrick Hall
198551749 10313376793 57.3854771715521  Washington Drive
198356017 198356020 20.16518874665729 
3894630213 5546400179 201.29297160923971 
8317381121 8317381122 40.37391091299081 
3894637553 4256589581 37.45024391301893 
7234367509 8133088560 12.016567788033058 
8133093053 198373726 5.973250088637746  West Broadway
9365640169 9365640192 17.965677709520133  Bancroft Drive
7933475788 7933475787 11.905479230201 
198569938 8133088561 9.840935277657723  South Mulberry Street
4256589581 3894635412 38.19556977718703 
5546400189 5546400184 26.403588876763813 
8317358606 8317381120 24.509244540559074 
198517884 11329728150 14.762689482021381  New Burg Street
11329562490 11329562489 56.15396834282444 
11331352908 11329562517 48.78416442676721 
3894644544 3894644542 137.7861132138379 
7035916877 8314099101 200.75966827746743  Ebaugh Drive
5546400184 8137727122 28.399130966260582  Chapel Drive
11329468183 5803664456 38.2491952871369 
7234374851 7234391439 19.45872239964004 
198366299 198366303 86.41471503783846  President's Drive
8137726009 198590598 7.0175695381131025  North Loop Road
7234367414 8133088568 7.646761682212006 
9365635994 9365636014 443.12336674548465 
11329562520 11331352908 150.28284606584782 
11329728150 9365635994 7.100142011895799 
11329762269 11329562491 3680.3369749675867  Denison University
7037812809 198569938 7.9612403930363085  West Broadway
8137815355 9365640184 11.632292885687704  East Loop
198373734 7234367538 90.0494914289386  West College Street
3894630221 3894630220 3.7106655819395558 
6956908777 9365619863 55.24699969194711  Washington Drive
3894635954 198348032 51.315308241059235  Ebaugh Drive
3894645113 3894645111 23.09791524914231 
7037812809 7234367507 9.818165525785181 
198530918 198594372 63.753729306715606  Sheppard Place
3894630218 3894630216 36.37308148871269 
198512587 8137815342 209.38931822442038  North Prospect Street
198521214 4256589577 6.011876247784634 
6847572629 6847572636 109.82014324364248 
6847572630 6847572629 11.532014743136738 
198517884 7933485239 3.3638338549550513  North Pearl Street
7234367519 11329468183 0.997166844563545 
7234367533 8133088563 11.83953820872021 
7933485248 198356010 11.627039412128019 
11329562491 11329762269 3680.336974967587  Denison University
10313376793 198551749 57.3854771715521  Washington Drive
6829774070 6829774069 201.90684387634224  Granville Inn
198378313 198356010 34.60040999792233 
3894630224 3894630225 3.7697089224117475  Herrick Hall
7234391439 7234391444 49.9928313845371  East Broadway
3894630220 3894630238 3.999694326341675  Herrick Hall
3894644530 3894644517 178.69712423656784  Shorney Hall
3894637552 3894647917 44.94881721141708 
198532396 198588882 227.80048533037862  Cedar Street
3894630226 3894630227 3.792096057325552 
6956911693 9365640185 54.27250034167355 
9365640192 9365640169 17.965677709520133  Bancroft Drive
9365635994 11329728150 7.100142011895799 
7234367518 7234367521 16.9817762891069 
198559686 5803662947 242.5201571511293  South Mulberry Street
198512576 198551737 147.25289240119227  East College Street
9365640184 198269593 87.51920555756195  East Loop
9714437204 9714437204 64.85245418826487  Silverstein Park
11331370025 11331369997 489.0894917182533 
198551754 9365636014 9.35289284222278  Washington Drive
7234367438 198569947 5.799232107130343  West Broadway
3894641831 3894641827 108.09293682160042  Seeley G Mudd Learning Center
6837423859 198588884 54.775472365529204  Cedar Lane
4249163574 198417650 19670.088350528564  North Street
8133088561 7234367507 8.164138398633119  West Broadway
5803664457 7234374851 9.066770826494514 
11329468223 11329468222 95.31427642842128 
3894644642 198655341 16.206320483156386  North Loop Road
8137815348 8137815354 87.02973069895756 
8317381120 8317381121 15.548399204617743 
3894645113 3894635949 6.0781031317788345  Ebaugh Drive
198366303 3894626038 73.26963688787458  Ridge Road
6847572636 198378321 25.69036774820952 
11329468223 11329468222 8.023139427240157 
9365636000 198279134 1931.4806786972279  New Burg Street
3894633054 3894633165 69.12729706214022  Reese-Shackelford Commons
5546400170 3894630216 6.354976183292741 
7234367519 7234367520 17.18081627800429 
11329468178 11329468184 186.16393486453 
7019373495 7019373494 17.564650410771748 
7234367419 3894654165 94.26165391412839  North Plum Street
7037812809 7234296666 11.080775025736017 
11329265996 11329265990 12.217241845254232 
198594372 198530918 63.753729306715606  Sheppard Place
7200521424 7200521424 82.5953876804006 
7234367436 7234367431 86.09442269882359 
3894630216 5546400172 18.109095276259357 
198509470 10313376799 37.19096252998303 
8133088564 8133093053 62.8601194390332  West Broadway
3894630228 3894630227 3.797210857288197  Herrick Hall
198356025 11331370025 29.57151153040499 
7234296665 7234374850 86.00442856837392 
7234367403 7234367411 52.14558331539506 
7234374852 7234391441 19.50294351449095 
9365636000 9365635994 82.59163005557056 
4256589584 4256589585 29.777809073551413 
9365640251 6956911696 14.159372638109616 
7234367539 7234367544 51.52521954164453 
8137727125 8137727124 12.125158159843382 
4256592592 3894645105 59.09275989325842 
5546400205 5546400206 28.463674902795848 
7933475788 7933475790 48.55357861599459 
11329447555 11329447556 3.6496853924268775 
450619658 11331370036 106.69379964701001 
8137815395 8137815399 71.28873902612945 
198569947 7234367438 5.799232107130343  West Broadway
198551737 198512576 147.25289240119227  East College Street
3894630222 3894630231 3.720489097345632  Herrick Hall
8133088568 7234367415 10.409215523570623 
5803664457 7234374852 7.091303373458067 
8341654023 198378319 48.83741896187236 
3894630214 5546400175 5.368929366000442 
11329447557 11329468174 11.677670942599226 
198588860 8654444838 42.628682321242316  North Pearl Street
198521204 5546400173 53.95783010434372 
11329562487 11329562488 44.90495914416415 
198373734 198519718 139.15091805287972  West College Street
198551729 198551736 421.5356955492576  East College Street
3894645111 3894645113 23.09791524914231 
6829774069 6829774070 5.681603069635969  Granville Inn
7234367412 7234296669 5.823162362862148 
7655406259 6847572630 50.473457932712115 
198366303 8137815381 143.19191716582216  East Loop
3894630216 5546400170 6.354976183292741 
7234367430 7234367419 55.123325842844956 
198417647 7933485241 89.18212825100213 
6829774069 6829774070 201.90684387634226  Granville Inn
7019373495 7234391441 34.048086056674535  East Broadway
7234367507 198569937 94.91484125060741  West Broadway
198558162 7234367520 10.962445810197277  East Broadway
7234391439 198512572 8.34724127983883  East Broadway
198409938 198366299 231.13195723675946  Chapel Drive
7019363084 4937605773 66.39882959563121 
7234367414 3894654168 32.96114537453239 
8137815399 8137821018 49.446464046989355 
8317381123 8317358606 86.12798395657768  Ebaugh Drive
9365640193 9365640254 11.89875075516901 
8133088566 8133088567 10.24931013123803 
198594372 7200521410 27.359373682463822  Sheppard Place
198417647 198356017 182.04726617480384 
198366297 198551737 295.2143988990424  President Drive
11329468223 11329468215 18.930348914269867 
7234367509 7933475788 83.39532383137505 
11329468214 11329468215 10.946133472214644 
9365640169 9365640184 46.29817498790281 
11329562482 5999570839 177.3984806506722  Denison University
4256592592 3894633054 19.01880303315055 
8654444838 198548549 138.1850652381391  North Pearl Street
198398653 7234367432 30.38288463465824 
11331370033 11331352914 130.21109257387647 
198356080 198356023 45.152225339057836 
8137815348 8137815361 24.65964692546685  East Loop
198512572 7234391441 8.30575851570168  East Broadway
3894630224 3894630225 3.7697089224117475 
11329562484 11331379378 201.23745741855177 
198517884 198417650 91.01504963555242  North Street
11329468222 11329468223 8.023139427240157 
3894633165 3894630215 50.26528696599087 
198262337 7934217532 138.3176163665239  Sunset Hill Road
3894630229 3894630230 3.767514163042027  Herrick Hall
5506729662 5506729663 10.887608329397894 
8133088578 7234367454 242.42703344043005 
8133088564 8133088559 9.974639455718036 
198548549 8654444838 138.1850652381391  North Pearl Street
198269593 9365640192 60.627135008312905  Bancroft Drive
11329562490 11329562491 46.71398303146731 
8654444845 8654444838 47.602856572594604 
3894654165 7234367419 94.26165391412837  North Plum Street
5546400206 5546400205 147.20062313599 
10313376798 10313376793 54.93558507659542 
198530918 198530899 106.45980031946543  Burg Street
11329562521 11331352913 70.20883484552016 
198548549 6829774058 80.22377447117985  North Pearl Street
3894633165 4256592594 21.504920716289945  Reese-Shackelford Commons
3894641827 3894641831 137.88988313231417  William Howard Doane Library
8137726009 8137726008 16.26871216731998 
198356009 198356010 15.672883969824056 
5546400178 5546400175 33.19796431083735 
5546400174 5803662949 6.9934790351501475 
450619664 11331370036 212.3670469586566 
7234367430 7234367431 132.62050572373994 
198551749 198269740 122.07358632816582  Washington Drive
9365640185 6956911693 54.27250034167355 
198569937 7037812803 14.944621675177094  Locust Place
5803664455 198558162 16.999540705109144  North Main Street
6847572636 6847572629 106.38998256922011 
4256592594 3894626038 64.02934824220527 
9365636000 11329728150 80.53348093891157  New Burg Street
11329562483 11329562517 148.50278157210485 
11329762269 5999570838 61.72186861359014  Denison University
11331370025 7655406259 296.9480597446968 
9365640184 8137815355 11.632292885687704  East Loop
7933485239 198356009 14.020805058873911  North Pearl Street
198356023 198356080 45.152225339057836 
4256589581 3894637553 37.45024391301893 
198655374 7926895263 47.315499495943314 
8137815385 8137815388 28.20443216613526 
7019373494 7019373489 78.06465407041296 
11329562485 11329562486 79.78152173583236 
198356017 198417647 182.0472661748038 
5803662948 5546400170 36.284547815924654 
8133088565 8133088563 5.980131448284607  West Broadway
11331352914 11331370033 1108.0998545448424 
3894630227 3894630228 3.797210857288197  Herrick Hall
4256592594 3894633054 80.39174003300403  Reese-Shackelford Commons
5506729668 7234367430 8.717022064441853 
8307344137 8307344136 3.48780816884276 
8133093053 8133088563 10.090350707727467 
5546400188 5546400204 53.915506140009896 
3894644544 3894645105 28.178099279255733 
7234296667 8133088565 11.831567419869536  Cherry Street
198558160 5803664456 17.803850397328013  Linden Place
6847572630 7655406259 50.473457932712115 
7234296666 7037812803 91.80710552608183 
7234367518 5803664455 10.108102573752047 
7234374852 5803664457 7.091303373458067 
3894626038 4256592594 64.02934824220527 
3894630236 3894630233 27.436292651881494  Herrick Hall
7991949374 198269609 20.15527069343188  Bancroft Drive
7234367504 7234296665 11.165016295660045 
10313376778 3894644642 2.716937933541001  Washington Drive
3894645105 3894630219 29.841182612695654 
8137815399 8137815397 9.029385090546603 
7037812807 198551737 48.998985022285765  North Main Street
3894633054 4256592594 80.39174003300403  Reese-Shackelford Commons
4256589584 5803662948 13.389446595633913 
8006712603 198588882 215.63533007315587  North Pearl Street
3894630227 3894630228 3.797210857288197 
3894638310 198521204 289.41814117415197 
8137815404 8137821018 23.434297304405113 
9365640185 9365640192 33.10797081323403 
11329468178 7234374851 112.39363780330915 
3894637552 198521214 31.44956316801673 
11329468215 11329468214 68.40634313158228 
11331370033 450619139 661.6551767109665 
4256589586 4256589585 27.81453017821077 
7933485248 198356014 19.235257385878274 
8137815397 8137815399 9.029385090546603 
11329728150 198517884 14.762689482021381  New Burg Street
198636852 198348038 21.928765722611146  Washington Drive
3894654168 3894654175 97.30850990326647 
7933485241 198417647 89.18212825100213 
3894637553 5546400170 38.450916138861594 
8133088560 8133088561 6.355983899831343  West Broadway
9365640251 9365640193 74.6338696887132 
198551737 3894638310 9.250752865521005  West College Street
7234367412 7234367411 3.9361241486625964 
7234367543 7234367539 18.897912666317506 
6956911706 6956911710 15.382902277591974 
8133088565 7234296667 11.831567419869536  Cherry Street
5506729663 5506729666 108.25201526753392 
7234367544 7234367543 72.10575417119263 
8133088567 8133088566 10.24931013123803 
3894645105 4256592592 59.09275989325842 
8137726002 8317358606 77.03654470276551  Ebaugh Drive
198530899 8257601704 121.28649452054415  Thresher Street
9365640221 9365640207 6.907135132516893 
8137815346 8137815355 11.861695401055279  East Loop
12075173711 198551736 7.391087886232082  North Pearl Street
3894630218 4256592589 32.0672271671926 
5803664456 7234391442 39.35144182091872 
198636852 3894626038 145.1318590160378  Ridge Road
3894630215 5546400172 18.861920416539267 
7926895263 7926895266 133.88717947203807 
7234367454 8133088578 242.42703344043 
7234367419 7234367414 7.550736894830932 
11329468174 11329447557 11.677670942599228 
3894644530 3894644517 186.59809999476607  Smith Hall
5803662949 5546400172 24.013854612145824 
11329468178 12075173712 7.028043891437966 
3894630225 3894630226 3.7878506597421184 
198655353 6757578055 7.4892420358454  North Loop Road
7234367543 7234367544 72.10575417119263 
3894641829 3894641831 13.531920670235133  Seeley G Mudd Learning Center
8317358606 8137726002 77.03654470276551  Ebaugh Drive
450619139 11331370033 661.6551767109665 
3894637553 5803662948 56.605596244248126 
11329447556 11329447555 3.6496853924268775 
198519708 7234367419 11.055572862955856  North Plum Street
8133088563 7933475787 43.161392932978984  West Broadway
3894641827 3894641828 3.566762732976779  William Howard Doane Library
6956911710 7991949373 60.39649621418293 
7234367538 198620124 50.323104397716016  West College Street
11329468174 11329447565 13.707570835057885 
5546400204 5546400206 69.17965405259834 
7019363084 7019363083 17.25886430367953 
11329447565 11329447556 19.481620181358256 
11329562489 11329562490 56.15396834282444 
198348032 3894635949 126.36671912066623  Ebaugh Drive
198348032 198348039 196.49138623500934 
3894635429 198521222 174.88618272372372  West Loop Road
6847572629 6847572636 70.81609613072177 
8307344137 198521214 45.45362648413191  West Loop Road
9365640220 9365640193 3.1665043972690508 
11329562482 11329728167 153.6868072235257 
4256592590 4256592589 22.3529552596863 
6757578055 198655374 106.75886306083609  North Loop Road
7933485239 7933485241 16.56473728279356 
11329562487 11329562486 67.48436741308942 
11329447556 11329447565 19.481620181358256 
198548549 198512587 106.07816370949261  Summit Street
3894630227 3894630226 3.792096057325552 
8137727122 5546400184 28.39913096626058  Chapel Drive
11329265990 11329265996 12.217241845254232 
6829774033 198588860 228.4471975614863  Spellman Street
198551738 10313376778 37.56454179791198  Washington Drive
198356020 198378321 52.81407303805067 
198417650 4249163574 19670.088350528586  North Street
3894641828 3894641827 3.566762732976779  William Howard Doane Library
5546400174 3894630214 26.48957507999824 
3894630225 3894630224 3.7697089224117475 
5999570839 5999570837 177.85562726836756 
7234367411 7234367412 3.9361241486625964 
8137726002 7926895266 164.63842163730573 
8137815381 198366303 143.19191716582216  East Loop
3894626038 10313376799 264.5160391005043 
7234367521 198558162 10.544161045847199  West Broadway
7234367507 7234367508 12.067607532206168 
3894654170 7234296665 6.09372214717474 
198553604 198348039 138.8384060141077  Sunset Hill Road
8137815404 8137821018 151.80937940534238 
7019373489 12075173712 75.1464391670757  North Prospect Street
12075173712 11329468178 7.028043891437966 
3894630218 4256592592 29.26314477797212 
3894630223 3894630232 3.9723810857317154 
8137821018 8137815404 23.434297304405113 
6837423859 6837423859 172.98758642433097  Cedar Lane
3894630226 3894630225 3.7878506597421184 
5506729663 5506729662 10.887608329397894 
5546400204 5546400189 27.321515454462123 
6956911688 7991949374 158.1228270966201  Bancroft Drive
198519708 5506729668 55.222255166834536  West Broadway
7234367438 198398651 60.57178796926564  West Broadway
198558160 7234391444 39.38843624414408  East Broadway
198519718 198373734 139.15091805287972  West College Street
198378313 198378319 22.072201502837398 
3894645111 3894644544 89.72414526118347 
4937605766 5506729663 86.64651022539275 
8137821018 8137815404 151.80937940534238 
9365640282 9365640221 63.07450049903472  East Loop
198512576 198512587 136.94453206936038  North Prospect Street
198592631 11329468184 12.737235078086899  Linden Place
9365640282 198269593 11.320490426008538  East Loop
198551749 8341641108 34.35983820154388  Ebaugh Drive
3894630220 3894630238 3.999694326341675 
7234374851 7234391442 49.500363030347906 
11329468222 11329468223 95.31427642842128 
3894641831 3894641829 13.531920670235133  William Howard Doane Library
7019363084 7019373494 25.13734660680601 
7234367419 7234367430 55.123325842844956 
11331370037 11331379378 310.2447273996251 
3894630238 3894630237 3.957238106742247 
7234367536 4256589565 86.96433180010362 
7234296670 7234367412 91.89288047379753  South Plum Street
11329562486 11329562487 67.48436741308942 
5803662948 3894637553 56.605596244248126 
7991949373 7991949374 78.6678745599209 
8133093053 7234367537 11.561663374837567 
10313376797 10313376778 202.80331667913387 
198569938 3894654170 11.141380766885197  North Mulberry Street
7234367424 7234367432 134.4248433865863 
7234391441 7234374852 19.50294351449095 
7926895266 7926895263 133.88717947203807 
3894630215 5803662949 14.325656974403293 
7234391444 7234391439 49.9928313845371  East Broadway
198551737 198366297 295.21439889904246  President Drive
3894645111 198636852 7.658499604728481  Sunset Hill Road
7234367509 5803662947 6.441669828496762 
8314099101 7035916877 200.75966827746745  Ebaugh Drive
8137815361 8137815355 67.43228532456295 
10313376793 10313376798 54.93558507659543 
3894630237 3894630236 3.9435236671765095  Herrick Hall
198409954 198409953 31.525670219462228  Chapel Drive
198378319 198378313 22.072201502837395 
5506729668 198519708 55.222255166834536  West Broadway
7234391439 7234374851 19.45872239964004 
5506729668 198569946 132.09677565449792  West Broadway
3894635429 198530899 30.85832521088009  Thresher Street
11329468183 11329468184 54.16282278532319 
3894654170 7234296666 8.30841899882838 
7234367504 8133088560 9.851170003079346 
7019373489 5803664457 37.10129967260674  North Prospect Street
3894626038 198636852 145.13185901603777  Ridge Road
9365636014 9365636013 6.885047365812301 
9365640240 9365640269 169.3060018307557 
198378319 198378321 11.742028466840821 
7035916877 3894636162 117.23439919742968 
198554357 198558162 320.43816258022645  South Main Street
5803662948 4256589584 13.389446595633913 
7234367520 5803662952 16.823403956901704 
198590598 198551738 54.834353809894736  North Loop Road
8137815363 8137815346 13.722554548510747 
11329728167 11329562482 153.6868072235257 
11329562485 11329562484 46.113134767144686 
198588860 8006712603 10.92223486669237  North Pearl Street
3894644517 3894644530 5.645551731524213  Shorney Hall
7234374846 7234374850 35.00874309055371 
6956908777 198269740 21.593272752392632  Washington Drive
7991949374 6956911688 158.12282709662014  Bancroft Drive
450619137 450619658 23.164992673870245 
198521204 198366297 6.373915519222285  West Loop Road
6829774069 6829774070 1.870866250373325 
198551749 198509470 99.5338360602171 
7234374846 7234374850 75.94522195977605 
5999570837 11329562483 331.12692949611676 
8133088559 8133088560 64.17411723601248  West Broadway
198530899 198519719 259.227968211501  Burg Street
4256589585 4256589584 29.777809073551413 
3894630229 3894630230 3.767514163042027 
11329447557 11329447556 18.744024611431914 
3894641828 3894641830 26.687943884191792  Seeley G Mudd Learning Center
8307344136 8307344137 3.48780816884276 
9365640220 9365640221 60.84478277639261 
12075173712 12075173711 143.19674819268937 
8137815342 8137727122 182.15510550377988  East Loop
3894644530 3894644517 5.645551731524213  Shorney Hall
4256589581 5803662949 29.22068636975693 
7234391442 7234374851 49.500363030347906 
198373734 3894647917 65.17547279125263 
3894645105 3894644544 28.178099279255733 
11329265990 11329265994 80.41359953780339 
11329562488 11329562489 58.8973945346967 
3894630219 4256589586 30.633997807744723 
3894630226 3894630225 3.7878506597421184  Herrick Hall
198279134 1826669185 3271.193922900415  Burg Street
8307344135 8307344137 3.7425867664322574 
198378321 6847572636 25.69036774820952 
3894644544 3894645111 89.72414526118345 
198348038 3894645113 7.7068409514112135  Ebaugh Drive
10313376793 10313376800 63.40136937079501  Washington Drive
11329562517 11329562483 148.50278157210485 
11329468214 11329468215 68.40634313158228 
3894630233 3894630236 11.772959244555476 
9365640184 9365640169 46.29817498790281 
11331352913 11331352914 35.21765521058638 
3894654170 198620124 120.68430622954172  North Mulberry Street
11331370036 450619658 106.69379964701 
8307344137 198521222 88.91211656299681  West Loop Road
3894630230 3894630231 3.742996913983358  Herrick Hall
9365640185 6956911688 52.59904267386354 
450619139 450619137 458.1125097233901 
8341641108 198551749 34.35983820154388  Ebaugh Drive
7234367438 7234367449 228.45799890410086 
3894636162 7035916877 117.23439919742968 
3894645113 198348038 7.7068409514112135  Ebaugh Drive
3894644530 3894644517 5.645551731524213  Smith Hall
7991949373 6956908777 21.63584866653432 
7234391444 198558160 39.38843624414408  East Broadway
7234367436 7234367432 63.15253134297979 
8137815388 8137815381 90.11530983980437  East Loop
8133088561 5803662947 12.019455385627472  South Mulberry Street
11329468174 11329447565 25.32222739046641 
7037812803 7234296666 91.80710552608183 
198348039 198553604 138.8384060141077  Sunset Hill Road
198530899 3894635429 30.85832521088009  Thresher Street
198558162 5803664455 16.999540705109144  North Main Street
5546400170 3894637553 38.450916138861594 
7934217537 7934217532 76.56993007324164 
7037812807 7037812803 117.3224460964371  Locust Place
9365640220 9365640282 47.96730325161148 
7234367431 2305177560 140.1880980588413  Thresher Street
5546400175 5546400178 33.19796431083735 
7234367537 7234374846 6.170929107020416 
7926895263 7926895266 40.4500031704884 
7234367538 7234367539 19.857133518817697 
9365640282 9365640206 3.499928323241601 
8133088568 7234367414 7.646761682212006 
9047700615 3894635429 193.15518618312115  West Loop Road
7200521410 7200521424 42.06622115829455 
3894635949 3894635954 63.439761013468626  Ebaugh Drive
3894630233 3894630232 3.9380542780721393  Herrick Hall
7234367539 7234367538 19.857133518817697 
8137815361 8137815342 45.87507309637752  East Loop
8133088568 198519708 8.500349092269218  West Broadway
9365640184 9365640183 7.491923020708819 
3894645111 7934217532 110.9990544902281  Sunset Hill Road
198366299 198366297 27.154947155984498  President's Drive
198262337 9047700615 120.98313326137345  West Loop Road
7933475787 7933475788 11.905479230201 
8317381122 8317381121 40.37391091299081 
3894630222 3894630231 3.720489097345632 
198378313 198356014 46.90373047038931 
7234367430 5506729667 49.149179967777734 
7933485241 7933485239 16.56473728279356 
3894644642 10313376800 186.64276686673853  Washington Drive
198588882 198532396 227.8004853303786  Cedar Street
10313376799 3894626038 264.5160391005043 
7234391443 7234391444 17.23007642173043 
11331352913 11329562521 70.20883484552016 
10313376800 10313376794 29.386637734792703 
7234391439 7234374853 17.28617285419098 
6847572629 6847572630 11.532014743136738 
198530899 198530918 106.45980031946543  Burg Street
11329447555 11329265996 18.702553172728038 
3894630221 3894630220 3.7106655819395558  Herrick Hall
198620125 198620124 49.10471290225853  North Mulberry Street
5803664456 11329468184 90.94922365100489  Linden Place
450619139 11331370033 661.6551766325482 
3894630216 3894630218 36.37308148871269 
198269740 6956911707 59.44297113026509 
198569937 7234367521 36.76757715192091  West Broadway
3894654175 3894654168 97.30850990326647 
8006712610 8006712603 77.12635106516342 
8317381121 8317381120 15.548399204617743 
8341488157 8341488154 45.894187899129676 
5803662947 198559686 242.5201571511293  South Mulberry Street
5999570838 5999570839 79.38773095543556 
7019373488 7019363084 85.56426636305983 
3894630232 3894630233 3.9380542780721393 
7234296666 7037812809 11.080775025736017 
7234367431 198569946 7.335633559555637  Thresher Street
198521204 3894638310 289.41814117415186 
7234374851 5803664457 9.066770826494514 
7234374852 7019373494 35.6386123710036 
8137815384 8137815385 81.42751869537611 
4256589581 5546400173 36.80205327340919 
198519708 7234367415 8.409070676784149  West Broadway
4256589586 3894630219 30.633997807744723 
4256589565 198373734 32.289424563094606 
8317381122 8317381121 62.39996529524739 
11329265996 11329447557 3.6353162433687496 
9365640192 198269593 60.6271350083129  Bancroft Drive
3894641829 3894641830 4.195465850724988  Seeley G Mudd Learning Center
3894641829 3894641831 13.531920670235133  William Howard Doane Library
7019373494 7234374852 35.6386123710036 
5803662947 8133088561 12.019455385627472  South Mulberry Street
7234367432 198398651 8.553795546879067 
198551736 6829774058 41.362961813323956  North Pearl Street
3894630230 3894630229 3.767514163042027  Herrick Hall
7234367403 7234367411 52.51116471713741 
3894647917 3894637552 44.94881721141708 
8133088563 8133093053 10.090350707727467 
198620125 198620125 68.31945847928081 
7234374851 11329468178 112.39363780330915 
6829774077 6829774080 34.86420666051917 
198569947 8341488154 46.82428764553866  Shepardson Court
7234367411 7234367403 52.51116471713742 
3894630223 3894630222 3.985559030167965 
5803664455 198592631 54.58273162880294  North Main Street
198551736 198551729 421.5356955492575  East College Street
3894630237 3894630236 3.9435236671765095 
3894630231 3894630230 3.742996913983358  Herrick Hall
7234367436 7234367438 7.931259280734456 
3894630228 3894630227 3.797210857288197 
5546400172 3894630215 18.861920416539267 
4256589587 4256589584 20.089962444901083 
8137726013 198409953 35.96966200662111 
198562330 7234296670 36.32016411671535  South Plum Street
5546400170 5803662948 36.284547815924654 
8317381123 8317381122 13.367799891257725 
9047700615 198262337 120.98313326137345  West Loop Road
4256589565 7234367536 86.96433180010362 
5803664455 7234367518 10.108102573752047 
198569937 7037812809 95.06849488358067  West Broadway
198620124 3894654170 120.68430622954172  North Mulberry Street
3894641830 3894641829 4.195465850724988  Seeley G Mudd Learning Center
8341488154 8341488157 45.894187899129676 
198569946 7234367431 7.335633559555637  Thresher Street
5999570838 11329762269 61.72186861359014 
6956911693 6956911696 35.83140886463531 
7926895266 8137726002 164.6384216373057 
9365640240 9365640269 185.06990055090026 
3894654168 7234367414 32.96114537453239 
198509470 198551749 99.53383606021711 
198551754 198588890 197.7975792340408  North Pearl Street
7234367504 8133088564 64.4391546545898  West Broadway
8137815363 8137815366 29.893647998597466 
3894633054 4256592592 19.01880303315055 
7234391442 7234391444 18.53575335086178 
198356014 7933485248 19.235257385878274 
9365636013 9365636014 6.885047365812301 
3894635429 9047700615 193.15518618312115  West Loop Road
198269609 7991949374 20.15527069343188  Bancroft Drive
3531016709 5546400187 12.468417077665219  Chapel Drive
3894630219 3894645105 29.841182612695654 
7234367415 8133088568 10.409215523570623 
7234367521 7234367518 16.9817762891069 
8137815342 8137815361 45.87507309637752  East Loop
7037812803 7037812807 117.3224460964371  Locust Place
9365640254 9365640251 46.45472980124347 
5999570838 5999570839 79.38773095543556  Denison University
3894637553 5803662948 29.179204301116922 
5546400188 5546400187 6.011777880786801 
3894630222 3894630223 3.985559030167965 
5999570839 5999570838 79.38773095543556  Denison University
11329468215 11329468214 10.946133472214644 
198512576 12075173712 4.244737375904831  North Prospect Street
8133088560 7234367509 12.016567788033058 
3894630213 5546400175 17.983511149361732 
3894630236 3894630233 11.772959244555476 
4256592589 4256592590 22.3529552596863 
198279134 9365636000 1931.480678697228  New Burg Street
4256592590 4256589585 37.60076493848403 
198356009 7933485239 14.020805058873911  North Pearl Street
198409946 8137727124 35.81745578579638  Chapel Drive
7926895263 198655374 47.31549949594331 
9365619863 198269609 13.464855225442081  Washington Drive
8257601704 198625971 50.684593107215655  Thresher Street
6847572629 6847572636 106.38998256922011 
198269593 9365640282 11.320490426008538  East Loop
7234367415 8133088567 66.40891383343339  West Broadway
198551737 7037812807 48.998985022285765  North Main Street
7234367528 7234367533 112.97890919433472 
6956911707 6956911710 22.677399591557617 
450619658 450619137 23.164992673870245 
5546400205 5546400204 71.02865855309213 
11329562483 11329562482 331.23835603160535 
9365619863 198269617 63.59388124283582  Bancroft Drive
198620124 198620125 49.10471290225853  North Mulberry Street
8341641109 8341641109 77.20666537442303 
10313376778 10313376797 202.8033166791339 
198569947 198569946 82.64981910101832  West Broadway
198588884 198551754 55.386937841861645  North Pearl Street
9365636014 198269609 72.56826292547353  Washington Drive
198409946 198409953 47.14974453027161  Chapel Drive
3894644517 3894644530 178.69712423656782  Shorney Hall
3894630221 3894630224 3.745631888863761  Herrick Hall
7234391444 7234391443 17.23007642173043 
8137815397 8137815395 10.45634013271087 
11331379378 11331370037 2491.969185878853 
3894654170 198569938 11.141380766885197  North Mulberry Street
11331370037 11331379378 2491.969185878853 
11329562483 5999570837 331.12692949611676 
7234367431 7234367430 132.62050572373994 
198588890 8341654023 152.76334227915817  North Pearl Street
198532393 198548549 161.02988178471958  Summit Street
4937605773 7019363084 66.39882959563121 
9365640254 6956911693 15.103123411328417 
198356025 198356080 46.707403594676975 
8137726008 8137726009 16.26871216731998 
8137727125 8137727125 191.1788569732937  Huffman Hall
5546400172 3894630216 18.109095276259357 
7037812803 198569937 14.944621675177094  Locust Place
5803662948 3894637553 29.179204301116922 
4256589587 4256592589 21.98503335112209 
10313376797 10313376798 3.6188205719159545 
8317381121 8317381122 62.399965295247384 
198409938 198409946 82.07287323946122  Chapel Drive
8133088563 7234367533 11.83953820872021 
3894644517 3894644530 5.645551731524213  Smith Hall
8137815346 8137815348 38.641615507235365  East Loop
9365640221 9365640220 60.844782776392606 
11329265994 11329265990 80.4135995378034 
198569946 5506729668 132.09677565449792  West Broadway
11329447556 11329447557 18.744024611431914 
7234391444 7234391442 18.53575335086178 
5546400189 5546400188 30.56252417013864 
6956911688 9365640169 27.291494052096425  Bancroft Drive
11329728150 9365636000 80.53348093891157  New Burg Street
11329728167 11329762269 502.123258793954 
7234367518 7037812803 37.90175260921655 
5803662949 5546400174 6.9934790351501475 
3894644542 3894644544 137.7861132138379 
3894654167 3894654171 7.153497978782431 
5999570839 5999570838 79.38773095543556 
11329468214 11329468222 37.32947669934041 
4256592589 3894630218 32.0672271671926 
6956911688 9365640185 52.59904267386355 
3894630214 3894630215 25.56229713962723 
6956911704 6956911686 135.86633513181826 
7234367454 8133088575 228.7120687353184 
3894641828 3894641827 3.566762732976779  Seeley G Mudd Learning Center
8137727124 198409946 35.81745578579639  Chapel Drive
6837423859 6837423859 172.98758642433094  Cedar Lane
5546400176 5546400173 6.5046111816192855 
198569937 9047436998 67.60868591725317 
6956911704 6956911706 23.99905978478896 
198553604 8314099101 277.12686565379926 
198569946 198569947 82.64981910101832  West Broadway
7234367536 3894654175 5.845960082396475 
3894654165 198519718 28.487937915724622  North Plum Street
11329265994 11329447555 12.63912546212341 
11329562482 5999570837 0.4571469205616498  Denison University
7234374853 7234391439 17.28617285419098 
3894647917 3894635412 41.1459870512539 
8137815388 198409954 39.1534173565685  East Loop
5546400189 5546400204 27.321515454462123 
198356023 198356020 88.08573194306297 
11331379378 11329562484 201.23745741855177 
198519719 198530899 259.2279682115009  Burg Street
3531016709 8137727124 30.736076867596616  Chapel Drive
198553604 198553554 443.2540031609647  Samson Place
198588890 198551754 197.7975792340408  North Pearl Street
7200521410 198594372 61.00670414875961  Sheppard Place
7933485239 198517884 3.3638338549550513  North Pearl Street
9365640193 9365640251 74.63386968871322 
3894630221 3894630224 3.745631888863761 
5803664457 198512572 19.55843359496134  North Prospect Street
3894630228 3894630229 3.7853652742173685  Herrick Hall
198356010 198356009 15.672883969824056 
5803662947 7234367508 8.02149259453103 
7019373495 7019363083 25.618436155255374  East Broadway
7234367519 5803664455 11.522337377987972 
3894630238 3894630220 3.999694326341675 
8314099101 8317381123 474.72140450533084  Ebaugh Drive
11329562521 11329562520 155.95955111708318 
8137815381 8137815388 90.11530983980438  East Loop
3894630229 3894630228 3.7853652742173685  Herrick Hall
198409954 9365640221 97.5673005303755  East Loop
6956911686 198509470 13.876556289978868 
7019363083 7019373495 25.618436155255374  East Broadway
10313376799 198509470 37.19096252998303 
9365619863 6956908777 55.24699969194711  Washington Drive
7234367454 7234367403 55.71031205573352 
5803662947 7234367509 6.441669828496762 
4937605766 7234296669 6.3850989430877645 
8341641108 8341641109 13.511921268777582 
8006712603 198588860 10.92223486669237  North Pearl Street
8654444838 198588860 42.628682321242316  North Pearl Street
3894633165 3894633054 69.12729706214022  Reese-Shackelford Commons
3894630213 5546400178 39.60864864947032 
5999570837 5999570839 177.85562726836756 
198512587 198548549 106.07816370949261  Summit Street
198588882 8006712603 215.6353300731559  North Pearl Street
6956911686 6956911706 158.62848047107622 
8137815342 198512587 209.38931822442035  North Prospect Street
3894641830 3894641828 26.687943884191792  Seeley G Mudd Learning Center
3894641831 3894641827 137.88988313231417  William Howard Doane Library
3894638310 198551737 9.250752865521005  West College Street
7655406259 11331370025 296.9480597446968 
198409953 198409946 47.14974453027161  Chapel Drive
9365635969 9365636000 702.9765128275188 
11331370036 450619664 212.3670469586566 
3894630230 3894630231 3.742996913983358 
198512576 198551736 143.28363062354424  East College Street
198521214 3894637552 31.44956316801673 
11329562483 11329728167 177.55154911495816 
8257601711 8257601704 47.55499433922692 
198636852 3894645111 7.658499604728481  Sunset Hill Road
3531016709 8137726013 42.01760635514216 
3894630236 3894630237 3.9435236671765095 
8133088566 8133088568 65.44533748863755  West Broadway
11329728149 11329728150 66.32631559476799 
198356025 198356023 19.484386130739228 
198398651 7234367438 60.57178796926564  West Broadway
198655374 198655353 104.17315329965223  North Loop Road
11329562520 11331352908 30.11766822316186 
198553554 198553604 443.25400316096477  Samson Place
4256589577 3894637553 25.75643802896994 
4256589577 198521222 122.6703004502215 
5506729663 4937605766 86.64651022539275 
5546400179 198409946 115.50623735835967 
3894630231 3894630222 3.720489097345632 
3894654171 3894654175 128.0679873728352 
3894630225 3894630226 3.7878506597421184  Herrick Hall
11329468183 7234367519 0.997166844563545 
8137727122 8137815342 182.15510550377988  East Loop
11329562484 11329562485 46.113134767144686 
3894641830 3894641829 4.195465850724988  William Howard Doane Library
8317381122 8317381123 13.367799891257725 
5999570837 11329562482 0.4571469205616498  Denison University
9365640269 9365640240 185.06990055090026 
5546400173 198521204 53.95783010434372 
11329468184 11329468178 186.16393486453 
198588890 7655406259 106.19151150509609 
3894630218 4256589587 21.79325369393849 
3894630238 3894630220 3.999694326341675  Herrick Hall
11329562489 11329562488 58.8973945346967 
7234367536 7234367537 6.094576239867347 
3894636162 7035916877 87.9792869767984  Ebaugh Drive
7934217532 7934217537 76.56993007324164 
198269740 198551749 122.07358632816582  Washington Drive
4256592589 4256589587 21.98503335112209 
5546400179 198409953 83.01140475333537 
8137815381 8137815384 35.55586487245182 
3894630223 3894630232 3.9723810857317154  Herrick Hall
8341488154 198469297 165.2013769702387  Shepardson Court
1826669185 198279134 3271.193922900416  Burg Street
5803662952 7234367520 16.823403956901704 
7934217532 3894645111 110.99905449022812  Sunset Hill Road
8137726002 8341641108 33.71642802035702  Ebaugh Drive
3894635949 3894645113 6.0781031317788345  Ebaugh Drive
5506729667 7234367430 49.149179967777734 
5546400175 3894630214 5.368929366000442 
7234367508 7234367507 12.067607532206168 
198588882 198588884 111.49569276544526  North Pearl Street
3894630233 3894630236 27.436292651881498  Herrick Hall
5546400184 5546400189 26.403588876763813 
8341641109 8341641109 77.20666537442301 
6829774058 198551736 41.362961813323956  North Pearl Street
198592631 7037812807 16.10995785815989  North Main Street
8307344137 8307344135 3.7425867664322574 
9365640169 6956911688 27.291494052096425  Bancroft Drive
198348039 198348032 196.49138623500934 
6847572636 6847572629 70.81609613072177 
198356010 198378313 34.60040999792233 
7234367521 198569937 36.76757715192091  West Broadway
198519718 3894654165 28.487937915724622  North Plum Street
9365640254 9365640193 11.89875075516901 
11329265996 11329447555 18.702553172728038 
7234367538 198373734 90.0494914289386  West College Street
8137815354 8137815348 87.02973069895756 
198569952 198398651 929.8584592120519  West Broadway
3894630219 4256592590 4.318988480549309 
8006712603 8006712610 77.12635106516343 
3894630228 3894630229 3.7853652742173685 
5546400173 4256589581 36.80205327340919 
8341488154 198569947 46.82428764553866  Shepardson Court
12075173712 7019373489 75.1464391670757  North Prospect Street
11329468222 11329468214 37.32947669934041 
4937605766 7234296670 85.14607408390579 
2305177560 198625969 83.01553292624386  West College Street
7234367412 198519708 9.969770632522176  South Plum Street
3894630220 3894630221 3.7106655819395558 
198620124 7234367538 50.323104397716016  West College Street
3894654171 3894654167 7.153497978782431 
9365640269 9365640240 169.30600183075566 
11329447565 11329468174 13.707570835057885 
7234367533 7234367528 112.97890919433472 
198655341 198590598 6.216292787381205 
7019373494 7019363084 25.13734660680601 
8137727122 198409938 202.02519577809167  East Loop
11331369997 11331370025 489.08949171825344 
6956911706 6956911704 23.99905978478896 
7234367403 7234367454 55.71031205573351 
8341654023 198356009 69.3746933876831  North Pearl Street
198625971 2305177560 31.784904242812388  Thresher Street
198625969 2305177560 83.01553292624386  West College Street
6956911696 9365640251 14.159372638109616 
8137815385 8137815384 81.42751869537612 
198548549 198532393 161.02988178471958  Summit Street
198558160 7234367520 39.12371197985787  East Broadway
450619664 11331370037 205.76346735539582 
198356023 198356025 19.484386130739228 
5803662949 3894630215 14.325656974403293 
198398651 198569952 929.858459212052  West Broadway
3894654175 3894654171 128.0679873728352 
198530918 198279134 2288.7444958533442  Burg Street
198409953 198409954 31.52567021946222  Chapel Drive
198569938 7234367504 6.092067019742442  West Broadway
198519718 198519719 22.69426637537048  North Plum Street
4256592589 4256589585 29.903833066209724 
7234391442 5803664456 39.35144182091872 
3894637552 198519719 96.30662547858144 
6757578055 198655353 7.4892420358454  North Loop Road
7991949374 7991949373 78.6678745599209 
3894654167 4256589565 104.77910130869606 
6847572636 6847572629 109.82014324364249 
198558162 198554357 320.4381625802264  South Main Street
198356080 198356025 46.70740359467698 
3894641828 3894641830 26.687943884191792  William Howard Doane Library
3894645113 8137726008 107.50885817162678 
7234367521 7234367508 146.54876791510767 
198655341 3894644642 16.206320483156386  North Loop Road
198348038 198551738 39.08477041656263  Washington Drive
198356010 7933485248 11.627039412128019 
7234367539 7234367543 18.897912666317506 
7234296669 7234367415 4.376176990177347 
5506729666 198582604 223.78741235408629  Cherry Street
4256589586 3894645102 17.009589388829237 
3894654167 3894654165 36.121656114011344 
7933475788 7234367533 43.59226991743559 
3894630226 3894630227 3.792096057325552  Herrick Hall
7934217532 198262337 138.3176163665239  Sunset Hill Road
11329447565 11329468174 25.322227390466406 
7234367544 7234367539 51.52521954164453 
10313376798 10313376799 29.134419244809088 
5546400205 5546400206 147.20062313599 
8133088565 198373726 10.113156450347311  Cherry Street
3894641831 3894641829 13.531920670235133  Seeley G Mudd Learning Center
3894647917 198373734 65.17547279125263 
198366297 198366299 27.154947155984498  President's Drive
5506729666 7234296667 65.14037101862417  Cherry Street
198398651 7234367432 8.553795546879067 
5546400174 5546400176 33.384110207748144 
10313376794 10313376800 29.386637734792703 
198409938 8137727122 202.0251957780917  East Loop
11331370033 11331352914 1108.0998545448426 
450619658 11331370036 116.48718875311681 
198551736 12075173711 7.391087886232082  North Pearl Street
7234391440 7234391441 17.329631629028835 
7035916877 3894636162 87.9792869767984  Ebaugh Drive
11331370025 198356025 29.571511530404994 
198521222 3894635429 174.88618272372372  West Loop Road
7933475788 7234367509 83.39532383137505 
3894630232 3894630223 3.9723810857317154 
8137815346 8137815363 13.722554548510747 
8137815395 8137815397 10.45634013271087 
7926895266 7926895263 40.4500031704884 
198469297 8341488154 165.2013769702387  Shepardson Court
9365640269 9365640240 6.647718952774981 
8137726008 8137726008 114.81742376970747 
10313376797 10313376800 20.101043744544 
7234367537 8133093053 11.561663374837567 
9714437204 9714437204 250.20018021199246  Silverstein Hall
198356009 8341654023 69.3746933876831  North Pearl Street
198378321 198356020 52.81407303805067 
3894630232 3894630223 3.9723810857317154  Herrick Hall
7234367520 7234367519 17.18081627800429 
7234367533 7234296667 6.159973384648736 
8137815363 8137815362 23.567810146442806 
8137815355 8137815346 11.861695401055279  East Loop
7037812803 7234367518 37.90175260921655 
7234367432 7234367424 134.42484338658633 
9365640193 9365640220 3.1665043972690508 
198521222 8307344137 88.9121165629968  West Loop Road
198269609 9365636014 72.56826292547353  Washington Drive
3894630230 3894630229 3.767514163042027 
8133088559 8133088564 9.974639455718036 
8133088567 5506729662 19.648264653931115  West Broadway
5803664456 198558160 17.803850397328013  Linden Place
198620125 198620125 68.31945847928083 
10313376800 3894644642 186.64276686673853  Washington Drive
8137726013 3531016709 42.01760635514216 
11329562482 11329562483 331.23835603160535 
5546400178 5546400176 4.835047796520487 
5546400179 3894630213 201.29297160923971 
198655341 6757578055 104.69517816537325  North Loop Road
6956911710 6956911707 22.677399591557617 
9365636014 9365635994 443.12336674548453 
8317381123 8314099101 474.7214045053309  Ebaugh Drive
3894638310 198620124 139.0242261121606  West College Street
7234374850 7234374846 35.00874309055371 
11329468184 11329468183 54.16282278532319 
7234367507 7037812809 9.818165525785181 
198519719 198519718 22.69426637537048  North Plum Street
3894635412 4256589581 38.19556977718703 
8137815399 8137815395 71.28873902612943 
3894641829 3894641830 4.195465850724988  William Howard Doane Library
7200521410 198594372 27.359373682463822  Sheppard Place
9365640183 9365640184 7.491923020708819 
11329562482 11329562491 312.83567691730843 
11329728150 11329728149 66.32631559476799 
5546400187 5546400184 20.80100027575197  Chapel Drive
198512572 5803664457 19.55843359496134  North Prospect Street
198588860 6829774033 228.44719756148632  Spellman Street
3894630227 3894630226 3.792096057325552  Herrick Hall
198521214 3894635412 42.64686575613177  West Loop Road
3894641830 3894641828 26.687943884191792  William Howard Doane Library
6829774065 6829774069 49.8628915803136 
7234374850 7234296665 86.00442856837392 
3894630224 3894630221 3.745631888863761  Herrick Hall
7234367432 7234367436 63.15253134297979 
8137727125 8137727125 191.17885697329373  Huffman Hall
3894630236 3894630237 3.9435236671765095  Herrick Hall
8137815366 8137815363 29.893647998597466 
11329562491 11329562482 312.83567691730843 
12075173711 12075173704 286.89899174802025 
7933485241 7933485248 23.11992341750971 
4256589565 3894654167 104.77910130869606 
11329447555 11329265994 12.63912546212341 
6956911696 6956911693 35.83140886463531 
7234367411 7234367403 52.14558331539506 
7234374850 7234374846 75.94522195977605 
7234391441 7019373495 34.048086056674535  East Broadway
7234296669 4937605766 6.3850989430877645 
8137815395 8137815404 20.590571719494932 
5803664456 11329468183 38.2491952871369 
5506729662 8133088565 50.10538358216546  West Broadway
3894636162 3894635954 132.6902579685143  Ebaugh Drive
7234367544 7234367543 32.55551380169378 
9365640221 9365640282 63.07450049903472  East Loop
5546400176 5546400174 33.384110207748144 
11331370036 450619658 116.48718875311681 
198409953 8137726013 35.96966200662111 
4256589585 4256592590 37.60076493848403 
11329562491 11329562490 46.71398303146731 
198269617 9365619863 63.59388124283582  Bancroft Drive
3894630225 3894630224 3.7697089224117475  Herrick Hall
5999570839 11329562482 177.3984806506722  Denison University
8137815379 6956911696 174.1449425605755 
8317381122 8317381120 54.82447168284484 
5546400173 5546400176 6.5046111816192855 
5546400188 5546400189 30.56252417013864 
8137726008 8137726008 114.81742376970746 
4256589585 4256589587 21.948680517705498 
8137815361 8137815348 24.65964692546685  East Loop
8257601704 198530899 121.28649452054415  Thresher Street
12075173711 7019363083 207.14759950107208  ['North Pearl Street', 'East Broadway']
198551738 198348038 39.08477041656263  Washington Drive
6847572630 198356080 27.82604124183475 
198417647 198417650 11.534888861962905 
10313376800 10313376797 20.101043744544 
11329265994 11329265990 19.297046045338877 
198269609 9365619863 13.464855225442081  Washington Drive
11329562520 11329562521 155.95955111708318 
198348038 198636852 21.928765722611146  Washington Drive
198409954 8137815388 39.1534173565685  East Loop
198625971 198519718 177.3366895516586  West College Street
3894654165 3894654167 36.121656114011344 
